  sort.c
D:\数据结构与算法\Data-structure-and-algorithm\Sort\Sort\Sort.h(19,1): error C3873: “0x3001”: 不允许将此字符作为标识符的第一个字符
D:\数据结构与算法\Data-structure-and-algorithm\Sort\Sort\Sort.h(19,1): error C3872: “0x3001”: 此字符不允许在标识符中使用
D:\数据结构与算法\Data-structure-and-algorithm\Sort\Sort\Sort.h(20,6): error C2054: 在“、、”之后应输入“(”
D:\数据结构与算法\Data-structure-and-algorithm\Sort\Sort\Sort.h(20,41): error C2085: “AdjustDown”: 不在形参表中
D:\数据结构与算法\Data-structure-and-algorithm\Sort\Sort\Sort.h(21,29): error C2085: “HeapSort”: 不在形参表中
D:\数据结构与算法\Data-structure-and-algorithm\Sort\Sort\Sort.h(23,31): error C2085: “BubbleSort”: 不在形参表中
D:\数据结构与算法\Data-structure-and-algorithm\Sort\Sort\Sort.h(25,30): error C2085: “QuickSort”: 不在形参表中
D:\数据结构与算法\Data-structure-and-algorithm\Sort\Sort\Sort.h(27,30): error C2085: “MergeSort”: 不在形参表中
D:\数据结构与算法\Data-structure-and-algorithm\Sort\Sort\Sort.h(29,30): error C2085: “CountSort”: 不在形参表中
D:\数据结构与算法\Data-structure-and-algorithm\Sort\Sort\sort.c(6,1): error C2082: 形参“PrintArray”的重定义
D:\数据结构与算法\Data-structure-and-algorithm\Sort\Sort\sort.c(6,1): error C2143: 语法错误: 缺少“;”(在“{”的前面)
D:\数据结构与算法\Data-structure-and-algorithm\Sort\Sort\sort.c(441,2): warning C4013: “memset”未定义；假设外部返回 int
  test.c
D:\数据结构与算法\Data-structure-and-algorithm\Sort\Sort\Sort.h(19,1): error C3873: “0x3001”: 不允许将此字符作为标识符的第一个字符
D:\数据结构与算法\Data-structure-and-algorithm\Sort\Sort\Sort.h(19,1): error C3872: “0x3001”: 此字符不允许在标识符中使用
D:\数据结构与算法\Data-structure-and-algorithm\Sort\Sort\Sort.h(20,6): error C2054: 在“、、”之后应输入“(”
D:\数据结构与算法\Data-structure-and-algorithm\Sort\Sort\Sort.h(20,41): error C2085: “AdjustDown”: 不在形参表中
D:\数据结构与算法\Data-structure-and-algorithm\Sort\Sort\Sort.h(21,29): error C2085: “HeapSort”: 不在形参表中
D:\数据结构与算法\Data-structure-and-algorithm\Sort\Sort\Sort.h(23,31): error C2085: “BubbleSort”: 不在形参表中
D:\数据结构与算法\Data-structure-and-algorithm\Sort\Sort\Sort.h(25,30): error C2085: “QuickSort”: 不在形参表中
D:\数据结构与算法\Data-structure-and-algorithm\Sort\Sort\Sort.h(27,30): error C2085: “MergeSort”: 不在形参表中
D:\数据结构与算法\Data-structure-and-algorithm\Sort\Sort\Sort.h(29,30): error C2085: “CountSort”: 不在形参表中
D:\数据结构与算法\Data-structure-and-algorithm\Sort\Sort\test.c(7,1): error C2085: “TestInsertSort”: 不在形参表中
D:\数据结构与算法\Data-structure-and-algorithm\Sort\Sort\test.c(7,1): error C2143: 语法错误: 缺少“;”(在“{”的前面)
D:\数据结构与算法\Data-structure-and-algorithm\Sort\Sort\test.c(33,2): warning C4013: “HeapSort”未定义；假设外部返回 int
D:\数据结构与算法\Data-structure-and-algorithm\Sort\Sort\test.c(41,2): warning C4013: “BubbleSort”未定义；假设外部返回 int
D:\数据结构与算法\Data-structure-and-algorithm\Sort\Sort\test.c(49,2): warning C4013: “QuickSort”未定义；假设外部返回 int
D:\数据结构与算法\Data-structure-and-algorithm\Sort\Sort\test.c(57,2): warning C4013: “MergeSortNonR”未定义；假设外部返回 int
D:\数据结构与算法\Data-structure-and-algorithm\Sort\Sort\test.c(65,2): warning C4013: “CountSort”未定义；假设外部返回 int
D:\数据结构与算法\Data-structure-and-algorithm\Sort\Sort\test.c(72,8): warning C4244: “函数”: 从“time_t”转换到“unsigned int”，可能丢失数据
D:\数据结构与算法\Data-structure-and-algorithm\Sort\Sort\test.c(120,2): warning C4013: “MergeSort”未定义；假设外部返回 int
  正在生成代码...
